02:36:07:768: Information: SYDTEK_Studio initialize satat
02:36:08:037: Information: SYDTEK_Studio initialize end
02:57:52:426: Debug: SWD Start:20007f00
02:57:58:643: Debug: SWD Start:20007f00
02:58:02:042: Debug: SWD Start:20007f00
02:58:16:088: Debug: SWD Start:20007f00
02:58:17:906: Debug: SWD Start:20007f00
02:58:20:887: Debug: SWD Start:20007f00
02:58:22:239: Debug: SWD Start:20007f00
02:58:24:075: Debug: SWD Start:20007f00
02:58:25:462: Debug: SWD Start:20007f00
02:58:25:842: Debug: RTT pBuffer:20003a38
RTT acID:SEGGER RTT
02:58:32:624: Debug: SWD Start:20007f00
02:58:32:996: Debug: RTT pBuffer:20003a38
RTT acID:SEGGER RTT
02:58:38:111: Debug: SWD Start:20007f00
02:58:38:483: Debug: RTT pBuffer:20003a38
RTT acID:SEGGER RTT
02:58:41:655: Debug: SWD Start:20007f00
02:58:42:031: Debug: RTT pBuffer:20003a38
RTT acID:SEGGER RTT
