11:13:10:745: Information: SYDTEK_Studio initialize satat
11:13:11:004: Information: SYDTEK_Studio initialize end
11:13:24:691: Debug: Can not operation memory addr:20000000
Write_u32buff addr:20001000 size:3140  check:1
11:13:24:966: Debug: ICE write to memery succeed
11:13:24:973: Debug: go to ram 20001000!
11:14:25:059: Debug: Can not operation memory addr:20000000
11:14:25:061: Debug: Write_u32buff addr:20001000 size:3140  check:1
11:14:25:336: Debug: ICE write to memery succeed
11:14:25:342: Debug: go to ram 20001000!
11:16:02:160: Debug: Can not operation memory addr:20000000
11:16:02:161: Debug: Write_u32buff addr:20001000 size:3140  check:1
11:16:02:435: Debug: ICE write to memery succeed
11:16:02:442: Debug: go to ram 20001000!
11:19:35:324: Debug: Can not operation memory addr:20000000
Can not operation memory addr:20000000
Can not operation memory addr:20000000
Can not operation memory addr:20000000
Can not operation memory addr:20000000
Can not operation memory addr:20000000
11:19:35:326: Debug: Write_u32buff addr:20001000 size:3140  check:1
11:19:35:379: Debug: ICE write to memery failure
11:19:44:108: Debug: Can not operation memory addr:20000000
Can not operation memory addr:20000000
Can not operation memory addr:20000000
Can not operation memory addr:20000000
Can not operation memory addr:20000000
Can not operation memory addr:20000000
11:19:44:110: Debug: Write_u32buff addr:20001000 size:3140  check:1
11:19:44:166: Debug: ICE write to memery failure
11:19:56:070: Debug: Can not operation memory addr:20000000
Write_u32buff addr:20001000 size:3140  check:1
11:19:56:346: Debug: ICE write to memery succeed
11:19:56:355: Debug: go to ram 20001000!
11:27:33:297: Debug: Can not operation memory addr:20000000
11:27:33:299: Debug: Write_u32buff addr:20001000 size:3140  check:1
11:27:33:574: Debug: ICE write to memery succeed
11:27:33:581: Debug: go to ram 20001000!
11:31:00:994: Debug: Can not operation memory addr:20000000
11:31:00:996: Debug: Write_u32buff addr:20001000 size:3140  check:1
11:31:01:271: Debug: ICE write to memery succeed
11:31:01:276: Debug: go to ram 20001000!
11:31:59:033: Debug: Can not operation memory addr:20000000
Can not operation memory addr:20000000
Can not operation memory addr:20000000
Can not operation memory addr:20000000
Can not operation memory addr:20000000
Can not operation memory addr:20000000
11:31:59:035: Debug: Write_u32buff addr:20001000 size:3140  check:1
11:31:59:090: Debug: ICE write to memery failure
11:32:20:026: Debug: Can not operation memory addr:20000000
Write_u32buff addr:20001000 size:3140  check:1
11:32:20:302: Debug: ICE write to memery succeed
11:32:20:309: Debug: go to ram 20001000!
11:32:45:773: Debug: Can not operation memory addr:20000000
Write_u32buff addr:20001000 size:3140  check:1
11:32:46:050: Debug: ICE write to memery succeed
11:32:46:058: Debug: go to ram 20001000!
11:34:56:401: Debug: Can not operation memory addr:20000000
11:34:56:403: Debug: Write_u32buff addr:20001000 size:3140  check:1
11:34:56:678: Debug: ICE write to memery succeed
11:34:56:685: Debug: go to ram 20001000!
