10:13:07:816: Information: SYDTEK_Studio initialize satat
10:13:08:079: Information: SYDTEK_Studio initialize end
10:13:14:626: Debug: SWD Start:20007f00
10:13:15:003: Debug: RTT pBuffer:20003a24
RTT acID:SEGGER RTT
10:13:24:240: Debug: Write_u32buff addr:20001000 size:1170  check:1
10:13:24:268: Debug: ICE write to memery succeed
10:13:24:275: Debug: go to ram 20001000!
10:13:28:000: Debug: Write_u32buff addr:20001000 size:3140  check:1
10:13:28:072: Debug: ICE write to memery succeed
10:13:28:078: Debug: go to ram 20001000!
10:13:40:297: Debug: SWD Start:200076b0
10:13:41:413: Debug: SWD Start:200076b0
10:13:41:539: Debug: RTT pBuffer:0
10:13:52:277: Debug: SWD Start:200076b0
10:13:53:312: Debug: SWD Start:200076b0
10:13:53:433: Debug: RTT pBuffer:0
RTT acID:
10:14:01:921: Debug: SWD Start:20007f00
10:14:01:932: Debug: RTT pBuffer:20003a24
RTT acID:SEGGER RTT
10:16:42:642: Debug: SWD Start:20007f00
10:16:42:646: Debug: RTT pBuffer:20003a3c
RTT acID:SEGGER RTT
11:15:44:563: Debug: Can not operation memory addr:20000000
11:15:44:565: Debug: Write_u32buff addr:20001000 size:1170  check:1
11:15:44:591: Debug: ICE write to memery succeed
11:15:44:597: Debug: go to ram 20001000!
