


ARM Macro Assembler    Page 1 


    1 00000000         ;/******************************************************
                       ********************//**
    2 00000000         ; * @file     startup_ARMCM0.s
    3 00000000         ; * @brief    CMSIS Core Device Startup File for
    4 00000000         ; *           ARMCM0 Device Series
    5 00000000         ; * @version  V1.08
    6 00000000         ; * @date     23. November 2012
    7 00000000         ; *
    8 00000000         ; * @note
    9 00000000         ; *
   10 00000000         ; ******************************************************
                       ************************/
   11 00000000         ;/* Copyright (c) 2011 - 2012 ARM LIMITED
   12 00000000         ;
   13 00000000         ;   All rights reserved.
   14 00000000         ;   Redistribution and use in source and binary forms, w
                       ith or without
   15 00000000         ;   modification, are permitted provided that the follow
                       ing conditions are met:
   16 00000000         ;   - Redistributions of source code must retain the abo
                       ve copyright
   17 00000000         ;     notice, this list of conditions and the following 
                       disclaimer.
   18 00000000         ;   - Redistributions in binary form must reproduce the 
                       above copyright
   19 00000000         ;     notice, this list of conditions and the following 
                       disclaimer in the
   20 00000000         ;     documentation and/or other materials provided with
                        the distribution.
   21 00000000         ;   - Neither the name of ARM nor the names of its contr
                       ibutors may be used
   22 00000000         ;     to endorse or promote products derived from this s
                       oftware without
   23 00000000         ;     specific prior written permission.
   24 00000000         ;   *
   25 00000000         ;   THIS SOFTWARE IS PROVIDED BY THE COPYRIGHT HOLDERS A
                       ND CONTRIBUTORS "AS IS"
   26 00000000         ;   AND ANY EXPRESS OR IMPLIED WARRANTIES, INCLUDING, BU
                       T NOT LIMITED TO, THE
   27 00000000         ;   IMPLIED WARRANTIES OF MERCHANTABILITY AND FITNESS FO
                       R A PARTICULAR PURPOSE
   28 00000000         ;   ARE DISCLAIMED. IN NO EVENT SHALL COPYRIGHT HOLDERS 
                       AND CONTRIBUTORS BE
   29 00000000         ;   LIABLE FOR ANY DIRECT, INDIRECT, INCIDENTAL, SPECIAL
                       , EXEMPLARY, OR
   30 00000000         ;   CONSEQUENTIAL DAMAGES (INCLUDING, BUT NOT LIMITED TO
                       , PROCUREMENT OF
   31 00000000         ;   SUBSTITUTE GOODS OR SERVICES; LOSS OF USE, DATA, OR 
                       PROFITS; OR BUSINESS
   32 00000000         ;   INTERRUPTION) HOWEVER CAUSED AND ON ANY THEORY OF LI
                       ABILITY, WHETHER IN
   33 00000000         ;   CONTRACT, STRICT LIABILITY, OR TORT (INCLUDING NEGLI
                       GENCE OR OTHERWISE)
   34 00000000         ;   ARISING IN ANY WAY OUT OF THE USE OF THIS SOFTWARE, 
                       EVEN IF ADVISED OF THE
   35 00000000         ;   POSSIBILITY OF SUCH DAMAGE.
   36 00000000         ;   ----------------------------------------------------
                       -----------------------*/
   37 00000000         ;/*



ARM Macro Assembler    Page 2 


   38 00000000         ;//-------- <<< Use Configuration Wizard in Context Menu
                        >>> ------------------
   39 00000000         ;*/
   40 00000000         
   41 00000000         
   42 00000000         ; <h> Stack Configuration
   43 00000000         ;   <o> Stack Size (in Bytes) <0x0-0xFFFFFFFF:8>
   44 00000000         ; </h>
   45 00000000         
   46 00000000 00000400 
                       Stack_Size
                               EQU              0x00000400
   47 00000000         
   48 00000000                 AREA             STACK, NOINIT, READWRITE, ALIGN
=3
   49 00000000         Stack_Mem
                               SPACE            Stack_Size
   50 00000400         __initial_sp
   51 00000400         
   52 00000400         
   53 00000400         ; <h> Heap Configuration
   54 00000400         ;   <o>  Heap Size (in Bytes) <0x0-0xFFFFFFFF:8>
   55 00000400         ; </h>
   56 00000400         
   57 00000400 00000C00 
                       Heap_Size
                               EQU              0x00000C00
   58 00000400         
   59 00000400                 AREA             HEAP, NOINIT, READWRITE, ALIGN=
3
   60 00000000         __heap_base
   61 00000000         Heap_Mem
                               SPACE            Heap_Size
   62 00000C00         __heap_limit
   63 00000C00         
   64 00000C00         
   65 00000C00                 PRESERVE8
   66 00000C00                 THUMB
   67 00000C00         
   68 00000C00         
   69 00000C00         ; Vector Table Mapped to Address 0 at Reset
   70 00000C00         
   71 00000C00                 AREA             RESET, DATA, READONLY
   72 00000000                 EXPORT           __Vectors
   73 00000000                 EXPORT           __Vectors_End
   74 00000000                 EXPORT           __Vectors_Size
   75 00000000         
   76 00000000 00000000 
                       __Vectors
                               DCD              __initial_sp ; Top of Stack
   77 00000004 00000000        DCD              Reset_Handler ; Reset Handler
   78 00000008 00000000        DCD              NMI_Handler ; NMI Handler
   79 0000000C 00000000        DCD              HardFault_Handler ; Hard Fault 
                                                            Handler
   80 00000010 00000000        DCD              0           ; Reserved
   81 00000014 00000000        DCD              0           ; Reserved
   82 00000018 00000000        DCD              0           ; Reserved
   83 0000001C 00000000        DCD              0           ; Reserved
   84 00000020 00000000        DCD              0           ; Reserved



ARM Macro Assembler    Page 3 


   85 00000024 00000000        DCD              0           ; Reserved
   86 00000028 00000000        DCD              0           ; Reserved
   87 0000002C 00000000        DCD              SVC_Handler ; SVCall Handler
   88 00000030 00000000        DCD              0           ; Reserved
   89 00000034 00000000        DCD              0           ; Reserved
   90 00000038 00000000        DCD              PendSV_Handler ; PendSV Handler
                                                            
   91 0000003C 00000000        DCD              SysTick_Handler 
                                                            ; SysTick Handler
   92 00000040         
   93 00000040         ; External Interrupts
   94 00000040 00000000        DCD              0           ;  0:  Reserved
   95 00000044 00000000        DCD              LLC_IRQHandler ;  1:  LLC
   96 00000048 00000000        DCD              RTC_IRQHandler ;  2:  RTC
   97 0000004C 00000000        DCD              SW_IRQHandler ;  3:  SW
   98 00000050 00000000        DCD              I2C0_IRQHandler ;  4:  I2C0
   99 00000054 00000000        DCD              I2C1_IRQHandler ;  5:  I2C1
  100 00000058 00000000        DCD              UART0_IRQHandler ;  6:  UART0
  101 0000005C 00000000        DCD              UART1_IRQHandler ;  7:  UART1
  102 00000060 00000000        DCD              TIMER0_IRQHandler ;  8:  TIMER0
                                                            
  103 00000064 00000000        DCD              TIMER1_IRQHandler ;  9:  TIMER1
                                                            
  104 00000068 00000000        DCD              TIMER2_IRQHandler ; 10:  TIMER2
                                                            
  105 0000006C 00000000        DCD              TIMER3_IRQHandler ; 11:  TIMER3
                                                            
  106 00000070 00000000        DCD              GPIO_IRQHandler ; 12:  GPIO
  107 00000074 00000000        DCD              HID_IRQHandler ; 13:  HID
  108 00000078 00000000        DCD              SPIM_IRQHandler ; 14:  SPIM
  109 0000007C 00000000        DCD              CAP_IRQHandler ; 15:  CAP
  110 00000080 00000000        DCD              GPADC_IRQHandler ; 16:  GPADC
  111 00000084 00000000        DCD              LLC2_IRQHandler ; 17:  LLC2
  112 00000088 00000000        DCD              ISO_7816_IRQHandler ; 18:  SC
  113 0000008C 00000000        DCD              IR_Tx_IRQHandler ; 19:  IR_Tx
  114 00000090 00000000        DCD              TOUCH_IRQHandler ; 20:  TOUCH
  115 00000094 00000000        DCD              HPWM_IRQHandler ; 21:  HPWM
  116 00000098 00000000        DCD              HTIMER_IRQHandler ; 22:  HTIMER
                                                            
  117 0000009C 00000000        DCD              IR_Rx_IRQHandler ; 23:  IR_Rx
  118 000000A0 00000000        DCD              0           ; 24: Reserved
  119 000000A4 00000000        DCD              0           ; 25: Reserved
  120 000000A8 00000000        DCD              0           ; 26: Reserved
  121 000000AC 00000000        DCD              0           ; 27: Reserved
  122 000000B0 00000000        DCD              0           ; 28: Reserved
  123 000000B4 00000000        DCD              0           ; 29: Reserved
  124 000000B8 00000000        DCD              0           ; 30: Reserved
  125 000000BC 00000000        DCD              0           ; 31: Reserved
  126 000000C0         __Vectors_End
  127 000000C0         
  128 000000C0 000000C0 
                       __Vectors_Size
                               EQU              __Vectors_End - __Vectors
  129 000000C0         
  130 000000C0                 AREA             |.text|, CODE, READONLY
  131 00000000         
  132 00000000         
  133 00000000         ; Reset Handler
  134 00000000         



ARM Macro Assembler    Page 4 


  135 00000000         Reset_Handler
                               PROC
  136 00000000                 EXPORT           Reset_Handler             [WEAK
]
  137 00000000                 IMPORT           SystemInit
  138 00000000                 IMPORT           __main
  139 00000000 4804            LDR              R0, =SystemInit
  140 00000002 4780            BLX              R0
  141 00000004 4804            LDR              R0, =__main
  142 00000006 4700            BX               R0
  143 00000008                 ENDP
  144 00000008         
  145 00000008         
  146 00000008         ; Dummy Exception Handlers (infinite loops which can be 
                       modified)
  147 00000008         
  148 00000008         NMI_Handler
                               PROC
  149 00000008                 EXPORT           NMI_Handler               [WEAK
]
  150 00000008 E7FE            B                .
  151 0000000A                 ENDP
  153 0000000A         HardFault_Handler
                               PROC
  154 0000000A                 EXPORT           HardFault_Handler         [WEAK
]
  155 0000000A E7FE            B                .
  156 0000000C                 ENDP
  157 0000000C         SVC_Handler
                               PROC
  158 0000000C                 EXPORT           SVC_Handler               [WEAK
]
  159 0000000C E7FE            B                .
  160 0000000E                 ENDP
  161 0000000E         PendSV_Handler
                               PROC
  162 0000000E                 EXPORT           PendSV_Handler            [WEAK
]
  163 0000000E E7FE            B                .
  164 00000010                 ENDP
  165 00000010         SysTick_Handler
                               PROC
  166 00000010                 EXPORT           SysTick_Handler           [WEAK
]
  167 00000010 E7FE            B                .
  168 00000012                 ENDP
  169 00000012         
  170 00000012         Default_Handler
                               PROC
  171 00000012                 EXPORT           LLC_IRQHandler  [WEAK]
  172 00000012                 EXPORT           RTC_IRQHandler  [WEAK]
  173 00000012                 EXPORT           SW_IRQHandler  [WEAK]
  174 00000012                 EXPORT           I2C0_IRQHandler  [WEAK]
  175 00000012                 EXPORT           I2C1_IRQHandler  [WEAK]
  176 00000012                 EXPORT           UART0_IRQHandler  [WEAK]
  177 00000012                 EXPORT           UART1_IRQHandler  [WEAK]
  178 00000012                 EXPORT           TIMER0_IRQHandler  [WEAK]
  179 00000012                 EXPORT           TIMER1_IRQHandler  [WEAK]
  180 00000012                 EXPORT           TIMER2_IRQHandler  [WEAK]



ARM Macro Assembler    Page 5 


  181 00000012                 EXPORT           TIMER3_IRQHandler  [WEAK]
  182 00000012                 EXPORT           GPIO_IRQHandler  [WEAK]
  183 00000012                 EXPORT           HID_IRQHandler  [WEAK]
  184 00000012                 EXPORT           SPIM_IRQHandler  [WEAK]
  185 00000012                 EXPORT           CAP_IRQHandler  [WEAK]
  186 00000012                 EXPORT           GPADC_IRQHandler  [WEAK]
  187 00000012                 EXPORT           LLC2_IRQHandler  [WEAK]
  188 00000012                 EXPORT           ISO_7816_IRQHandler  [WEAK]
  189 00000012                 EXPORT           IR_Tx_IRQHandler  [WEAK]
  190 00000012                 EXPORT           TOUCH_IRQHandler  [WEAK]
  191 00000012                 EXPORT           HPWM_IRQHandler  [WEAK]
  192 00000012                 EXPORT           HTIMER_IRQHandler  [WEAK]
  193 00000012                 EXPORT           IR_Rx_IRQHandler  [WEAK]
  194 00000012         
  195 00000012         LLC_IRQHandler
  196 00000012         RTC_IRQHandler
  197 00000012         SW_IRQHandler
  198 00000012         I2C0_IRQHandler
  199 00000012         I2C1_IRQHandler
  200 00000012         UART0_IRQHandler
  201 00000012         UART1_IRQHandler
  202 00000012         TIMER0_IRQHandler
  203 00000012         TIMER1_IRQHandler
  204 00000012         TIMER2_IRQHandler
  205 00000012         TIMER3_IRQHandler
  206 00000012         GPIO_IRQHandler
  207 00000012         HID_IRQHandler
  208 00000012         SPIM_IRQHandler
  209 00000012         CAP_IRQHandler
  210 00000012         GPADC_IRQHandler
  211 00000012         LLC2_IRQHandler
  212 00000012         ISO_7816_IRQHandler
  213 00000012         IR_Tx_IRQHandler
  214 00000012         TOUCH_IRQHandler
  215 00000012         HPWM_IRQHandler
  216 00000012         HTIMER_IRQHandler
  217 00000012         IR_Rx_IRQHandler
  218 00000012 E7FE            B                .
  219 00000014         
  220 00000014                 ENDP
  221 00000014         
  222 00000014         
  223 00000014                 ALIGN
  224 00000014         
  225 00000014         
  226 00000014         ; User Initial Stack & Heap
  227 00000014         
  228 00000014                 IF               :DEF:__MICROLIB
  229 00000014         
  230 00000014                 EXPORT           __initial_sp
  231 00000014                 EXPORT           __heap_base
  232 00000014                 EXPORT           __heap_limit
  233 00000014         
  234 00000014                 ELSE
  249                          ENDIF
  250 00000014         
  251 00000014         
  252 00000014                 END
              00000000 



ARM Macro Assembler    Page 6 


              00000000 
Command Line: --debug --xref --diag_suppress=9931 --cpu=Cortex-M0 --apcs=interw
ork --depend=.\output\startup_armcm0.d -o.\output\startup_armcm0.o -I"F:\SYD880
1\SYD8811\SYD8811_SDK\Source Code\SYD8811_peripheral_misc\SYD8811_BLE_calender\
Keil\RTE" -ID:\Keil_v5\ARM\PACK\ARM\CMSIS\4.5.0\CMSIS\Include -ID:\Keil_v5\ARM\
PACK\ARM\CMSIS\4.5.0\Device\ARM\ARMCM0\Include -ID:\Keil_v5\ARM\PACK\ARM\CMSIS\
4.5.0\Device\Include --predefine="__MICROLIB SETA 1" --predefine="__UVISION_VER
SION SETA 516" --predefine="_RTE_ SETA 1" --predefine="ARMCM0 SETA 1" --list=.\
startup_armcm0.lst RTE\Device\ARMCM0\startup_ARMCM0.s



ARM Macro Assembler    Page 1 Alphabetic symbol ordering
Relocatable symbols

STACK 00000000

Symbol: STACK
   Definitions
      At line 48 in file RTE\Device\ARMCM0\startup_ARMCM0.s
   Uses
      None
Comment: STACK unused
Stack_Mem 00000000

Symbol: Stack_Mem
   Definitions
      At line 49 in file RTE\Device\ARMCM0\startup_ARMCM0.s
   Uses
      None
Comment: Stack_Mem unused
__initial_sp 00000400

Symbol: __initial_sp
   Definitions
      At line 50 in file RTE\Device\ARMCM0\startup_ARMCM0.s
   Uses
      At line 76 in file RTE\Device\ARMCM0\startup_ARMCM0.s
      At line 230 in file RTE\Device\ARMCM0\startup_ARMCM0.s

3 symbols



ARM Macro Assembler    Page 1 Alphabetic symbol ordering
Relocatable symbols

HEAP 00000000

Symbol: HEAP
   Definitions
      At line 59 in file RTE\Device\ARMCM0\startup_ARMCM0.s
   Uses
      None
Comment: HEAP unused
Heap_Mem 00000000

Symbol: Heap_Mem
   Definitions
      At line 61 in file RTE\Device\ARMCM0\startup_ARMCM0.s
   Uses
      None
Comment: Heap_Mem unused
__heap_base 00000000

Symbol: __heap_base
   Definitions
      At line 60 in file RTE\Device\ARMCM0\startup_ARMCM0.s
   Uses
      At line 231 in file RTE\Device\ARMCM0\startup_ARMCM0.s
Comment: __heap_base used once
__heap_limit 00000C00

Symbol: __heap_limit
   Definitions
      At line 62 in file RTE\Device\ARMCM0\startup_ARMCM0.s
   Uses
      At line 232 in file RTE\Device\ARMCM0\startup_ARMCM0.s
Comment: __heap_limit used once
4 symbols



ARM Macro Assembler    Page 1 Alphabetic symbol ordering
Relocatable symbols

RESET 00000000

Symbol: RESET
   Definitions
      At line 71 in file RTE\Device\ARMCM0\startup_ARMCM0.s
   Uses
      None
Comment: RESET unused
__Vectors 00000000

Symbol: __Vectors
   Definitions
      At line 76 in file RTE\Device\ARMCM0\startup_ARMCM0.s
   Uses
      At line 72 in file RTE\Device\ARMCM0\startup_ARMCM0.s
      At line 128 in file RTE\Device\ARMCM0\startup_ARMCM0.s

__Vectors_End 000000C0

Symbol: __Vectors_End
   Definitions
      At line 126 in file RTE\Device\ARMCM0\startup_ARMCM0.s
   Uses
      At line 73 in file RTE\Device\ARMCM0\startup_ARMCM0.s
      At line 128 in file RTE\Device\ARMCM0\startup_ARMCM0.s

3 symbols



ARM Macro Assembler    Page 1 Alphabetic symbol ordering
Relocatable symbols

.text 00000000

Symbol: .text
   Definitions
      At line 130 in file RTE\Device\ARMCM0\startup_ARMCM0.s
   Uses
      None
Comment: .text unused
CAP_IRQHandler 00000012

Symbol: CAP_IRQHandler
   Definitions
      At line 209 in file RTE\Device\ARMCM0\startup_ARMCM0.s
   Uses
      At line 109 in file RTE\Device\ARMCM0\startup_ARMCM0.s
      At line 185 in file RTE\Device\ARMCM0\startup_ARMCM0.s

Default_Handler 00000012

Symbol: Default_Handler
   Definitions
      At line 170 in file RTE\Device\ARMCM0\startup_ARMCM0.s
   Uses
      None
Comment: Default_Handler unused
GPADC_IRQHandler 00000012

Symbol: GPADC_IRQHandler
   Definitions
      At line 210 in file RTE\Device\ARMCM0\startup_ARMCM0.s
   Uses
      At line 110 in file RTE\Device\ARMCM0\startup_ARMCM0.s
      At line 186 in file RTE\Device\ARMCM0\startup_ARMCM0.s

GPIO_IRQHandler 00000012

Symbol: GPIO_IRQHandler
   Definitions
      At line 206 in file RTE\Device\ARMCM0\startup_ARMCM0.s
   Uses
      At line 106 in file RTE\Device\ARMCM0\startup_ARMCM0.s
      At line 182 in file RTE\Device\ARMCM0\startup_ARMCM0.s

HID_IRQHandler 00000012

Symbol: HID_IRQHandler
   Definitions
      At line 207 in file RTE\Device\ARMCM0\startup_ARMCM0.s
   Uses
      At line 107 in file RTE\Device\ARMCM0\startup_ARMCM0.s
      At line 183 in file RTE\Device\ARMCM0\startup_ARMCM0.s

HPWM_IRQHandler 00000012

Symbol: HPWM_IRQHandler
   Definitions
      At line 215 in file RTE\Device\ARMCM0\startup_ARMCM0.s
   Uses
      At line 115 in file RTE\Device\ARMCM0\startup_ARMCM0.s



ARM Macro Assembler    Page 2 Alphabetic symbol ordering
Relocatable symbols

      At line 191 in file RTE\Device\ARMCM0\startup_ARMCM0.s

HTIMER_IRQHandler 00000012

Symbol: HTIMER_IRQHandler
   Definitions
      At line 216 in file RTE\Device\ARMCM0\startup_ARMCM0.s
   Uses
      At line 116 in file RTE\Device\ARMCM0\startup_ARMCM0.s
      At line 192 in file RTE\Device\ARMCM0\startup_ARMCM0.s

HardFault_Handler 0000000A

Symbol: HardFault_Handler
   Definitions
      At line 153 in file RTE\Device\ARMCM0\startup_ARMCM0.s
   Uses
      At line 79 in file RTE\Device\ARMCM0\startup_ARMCM0.s
      At line 154 in file RTE\Device\ARMCM0\startup_ARMCM0.s

I2C0_IRQHandler 00000012

Symbol: I2C0_IRQHandler
   Definitions
      At line 198 in file RTE\Device\ARMCM0\startup_ARMCM0.s
   Uses
      At line 98 in file RTE\Device\ARMCM0\startup_ARMCM0.s
      At line 174 in file RTE\Device\ARMCM0\startup_ARMCM0.s

I2C1_IRQHandler 00000012

Symbol: I2C1_IRQHandler
   Definitions
      At line 199 in file RTE\Device\ARMCM0\startup_ARMCM0.s
   Uses
      At line 99 in file RTE\Device\ARMCM0\startup_ARMCM0.s
      At line 175 in file RTE\Device\ARMCM0\startup_ARMCM0.s

IR_Rx_IRQHandler 00000012

Symbol: IR_Rx_IRQHandler
   Definitions
      At line 217 in file RTE\Device\ARMCM0\startup_ARMCM0.s
   Uses
      At line 117 in file RTE\Device\ARMCM0\startup_ARMCM0.s
      At line 193 in file RTE\Device\ARMCM0\startup_ARMCM0.s

IR_Tx_IRQHandler 00000012

Symbol: IR_Tx_IRQHandler
   Definitions
      At line 213 in file RTE\Device\ARMCM0\startup_ARMCM0.s
   Uses
      At line 113 in file RTE\Device\ARMCM0\startup_ARMCM0.s
      At line 189 in file RTE\Device\ARMCM0\startup_ARMCM0.s

ISO_7816_IRQHandler 00000012

Symbol: ISO_7816_IRQHandler



ARM Macro Assembler    Page 3 Alphabetic symbol ordering
Relocatable symbols

   Definitions
      At line 212 in file RTE\Device\ARMCM0\startup_ARMCM0.s
   Uses
      At line 112 in file RTE\Device\ARMCM0\startup_ARMCM0.s
      At line 188 in file RTE\Device\ARMCM0\startup_ARMCM0.s

LLC2_IRQHandler 00000012

Symbol: LLC2_IRQHandler
   Definitions
      At line 211 in file RTE\Device\ARMCM0\startup_ARMCM0.s
   Uses
      At line 111 in file RTE\Device\ARMCM0\startup_ARMCM0.s
      At line 187 in file RTE\Device\ARMCM0\startup_ARMCM0.s

LLC_IRQHandler 00000012

Symbol: LLC_IRQHandler
   Definitions
      At line 195 in file RTE\Device\ARMCM0\startup_ARMCM0.s
   Uses
      At line 95 in file RTE\Device\ARMCM0\startup_ARMCM0.s
      At line 171 in file RTE\Device\ARMCM0\startup_ARMCM0.s

NMI_Handler 00000008

Symbol: NMI_Handler
   Definitions
      At line 148 in file RTE\Device\ARMCM0\startup_ARMCM0.s
   Uses
      At line 78 in file RTE\Device\ARMCM0\startup_ARMCM0.s
      At line 149 in file RTE\Device\ARMCM0\startup_ARMCM0.s

PendSV_Handler 0000000E

Symbol: PendSV_Handler
   Definitions
      At line 161 in file RTE\Device\ARMCM0\startup_ARMCM0.s
   Uses
      At line 90 in file RTE\Device\ARMCM0\startup_ARMCM0.s
      At line 162 in file RTE\Device\ARMCM0\startup_ARMCM0.s

RTC_IRQHandler 00000012

Symbol: RTC_IRQHandler
   Definitions
      At line 196 in file RTE\Device\ARMCM0\startup_ARMCM0.s
   Uses
      At line 96 in file RTE\Device\ARMCM0\startup_ARMCM0.s
      At line 172 in file RTE\Device\ARMCM0\startup_ARMCM0.s

Reset_Handler 00000000

Symbol: Reset_Handler
   Definitions
      At line 135 in file RTE\Device\ARMCM0\startup_ARMCM0.s
   Uses
      At line 77 in file RTE\Device\ARMCM0\startup_ARMCM0.s
      At line 136 in file RTE\Device\ARMCM0\startup_ARMCM0.s



ARM Macro Assembler    Page 4 Alphabetic symbol ordering
Relocatable symbols


SPIM_IRQHandler 00000012

Symbol: SPIM_IRQHandler
   Definitions
      At line 208 in file RTE\Device\ARMCM0\startup_ARMCM0.s
   Uses
      At line 108 in file RTE\Device\ARMCM0\startup_ARMCM0.s
      At line 184 in file RTE\Device\ARMCM0\startup_ARMCM0.s

SVC_Handler 0000000C

Symbol: SVC_Handler
   Definitions
      At line 157 in file RTE\Device\ARMCM0\startup_ARMCM0.s
   Uses
      At line 87 in file RTE\Device\ARMCM0\startup_ARMCM0.s
      At line 158 in file RTE\Device\ARMCM0\startup_ARMCM0.s

SW_IRQHandler 00000012

Symbol: SW_IRQHandler
   Definitions
      At line 197 in file RTE\Device\ARMCM0\startup_ARMCM0.s
   Uses
      At line 97 in file RTE\Device\ARMCM0\startup_ARMCM0.s
      At line 173 in file RTE\Device\ARMCM0\startup_ARMCM0.s

SysTick_Handler 00000010

Symbol: SysTick_Handler
   Definitions
      At line 165 in file RTE\Device\ARMCM0\startup_ARMCM0.s
   Uses
      At line 91 in file RTE\Device\ARMCM0\startup_ARMCM0.s
      At line 166 in file RTE\Device\ARMCM0\startup_ARMCM0.s

TIMER0_IRQHandler 00000012

Symbol: TIMER0_IRQHandler
   Definitions
      At line 202 in file RTE\Device\ARMCM0\startup_ARMCM0.s
   Uses
      At line 102 in file RTE\Device\ARMCM0\startup_ARMCM0.s
      At line 178 in file RTE\Device\ARMCM0\startup_ARMCM0.s

TIMER1_IRQHandler 00000012

Symbol: TIMER1_IRQHandler
   Definitions
      At line 203 in file RTE\Device\ARMCM0\startup_ARMCM0.s
   Uses
      At line 103 in file RTE\Device\ARMCM0\startup_ARMCM0.s
      At line 179 in file RTE\Device\ARMCM0\startup_ARMCM0.s

TIMER2_IRQHandler 00000012

Symbol: TIMER2_IRQHandler
   Definitions



ARM Macro Assembler    Page 5 Alphabetic symbol ordering
Relocatable symbols

      At line 204 in file RTE\Device\ARMCM0\startup_ARMCM0.s
   Uses
      At line 104 in file RTE\Device\ARMCM0\startup_ARMCM0.s
      At line 180 in file RTE\Device\ARMCM0\startup_ARMCM0.s

TIMER3_IRQHandler 00000012

Symbol: TIMER3_IRQHandler
   Definitions
      At line 205 in file RTE\Device\ARMCM0\startup_ARMCM0.s
   Uses
      At line 105 in file RTE\Device\ARMCM0\startup_ARMCM0.s
      At line 181 in file RTE\Device\ARMCM0\startup_ARMCM0.s

TOUCH_IRQHandler 00000012

Symbol: TOUCH_IRQHandler
   Definitions
      At line 214 in file RTE\Device\ARMCM0\startup_ARMCM0.s
   Uses
      At line 114 in file RTE\Device\ARMCM0\startup_ARMCM0.s
      At line 190 in file RTE\Device\ARMCM0\startup_ARMCM0.s

UART0_IRQHandler 00000012

Symbol: UART0_IRQHandler
   Definitions
      At line 200 in file RTE\Device\ARMCM0\startup_ARMCM0.s
   Uses
      At line 100 in file RTE\Device\ARMCM0\startup_ARMCM0.s
      At line 176 in file RTE\Device\ARMCM0\startup_ARMCM0.s

UART1_IRQHandler 00000012

Symbol: UART1_IRQHandler
   Definitions
      At line 201 in file RTE\Device\ARMCM0\startup_ARMCM0.s
   Uses
      At line 101 in file RTE\Device\ARMCM0\startup_ARMCM0.s
      At line 177 in file RTE\Device\ARMCM0\startup_ARMCM0.s

31 symbols



ARM Macro Assembler    Page 1 Alphabetic symbol ordering
Absolute symbols

Heap_Size 00000C00

Symbol: Heap_Size
   Definitions
      At line 57 in file RTE\Device\ARMCM0\startup_ARMCM0.s
   Uses
      At line 61 in file RTE\Device\ARMCM0\startup_ARMCM0.s
Comment: Heap_Size used once
Stack_Size 00000400

Symbol: Stack_Size
   Definitions
      At line 46 in file RTE\Device\ARMCM0\startup_ARMCM0.s
   Uses
      At line 49 in file RTE\Device\ARMCM0\startup_ARMCM0.s
Comment: Stack_Size used once
__Vectors_Size 000000C0

Symbol: __Vectors_Size
   Definitions
      At line 128 in file RTE\Device\ARMCM0\startup_ARMCM0.s
   Uses
      At line 74 in file RTE\Device\ARMCM0\startup_ARMCM0.s
Comment: __Vectors_Size used once
3 symbols



ARM Macro Assembler    Page 1 Alphabetic symbol ordering
External symbols

SystemInit 00000000

Symbol: SystemInit
   Definitions
      At line 137 in file RTE\Device\ARMCM0\startup_ARMCM0.s
   Uses
      At line 139 in file RTE\Device\ARMCM0\startup_ARMCM0.s
Comment: SystemInit used once
__main 00000000

Symbol: __main
   Definitions
      At line 138 in file RTE\Device\ARMCM0\startup_ARMCM0.s
   Uses
      At line 141 in file RTE\Device\ARMCM0\startup_ARMCM0.s
Comment: __main used once
2 symbols
382 symbols in table
