10:44:06:251: Information: SYDTEK_Studio initialize satat
10:44:06:502: Information: SYDTEK_Studio initialize end
10:44:12:536: Debug: Write_u32buff addr:20001000 size:3140  check:1
10:44:12:809: Debug: ICE write to memery succeed
10:44:12:815: Debug: go to ram 20001000!
10:44:48:492: Debug: SWD Start:20007f00
10:44:49:534: Debug: SWD Start:20007f00
10:44:49:657: Debug: RTT pBuffer:20003780
RTT acID:SEGGER RTT
11:00:19:660: Debug: SWD Start:20007f00
11:00:19:782: Debug: RTT pBuffer:20003780
RTT acID:SEGGER RTT
11:32:08:805: Debug: SWD Start:20007f00
11:32:08:930: Debug: RTT pBuffer:20003780
RTT acID:SEGGER RTT
11:52:00:207: Debug: SWD Start:20007f00
11:52:00:332: Debug: RTT pBuffer:20003780
RTT acID:SEGGER RTT
02:26:33:999: Debug: SWD Start:20007f00
02:26:34:127: Debug: RTT pBuffer:20003780
RTT acID:SEGGER RTT
02:46:14:184: Debug: SWD Start:20007f00
02:46:14:308: Debug: RTT pBuffer:20003780
RTT acID:SEGGER RTT
04:14:39:304: Debug: SWD Start:20007f00
04:14:39:682: Debug: RTT pBuffer:20003780
RTT acID:SEGGER RTT
04:15:04:640: Debug: SWD Start:20007f00
04:15:05:703: Debug: SWD Start:20007f00
04:15:05:831: Debug: RTT pBuffer:20003780
RTT acID:SEGGER RTT
04:15:19:496: Debug: SWD Start:20007f00
04:15:20:547: Debug: SWD Start:20007f00
04:15:20:668: Debug: RTT pBuffer:20003780
RTT acID:SEGGER RTT
04:15:38:574: Debug: SWD Start:20007f00
04:15:38:944: Debug: RTT pBuffer:20003780
RTT acID:SEGGER RTT
04:15:50:950: Debug: SWD Start:20007f00
04:15:51:325: Debug: RTT pBuffer:20003780
RTT acID:SEGGER RTT
04:16:09:215: Debug: SWD Start:20007f00
04:16:10:256: Debug: SWD Start:20007f00
04:16:10:377: Debug: RTT pBuffer:20003780
RTT acID:SEGGER RTT
04:16:33:441: Debug: SWD Start:20007f00
04:16:33:812: Debug: RTT pBuffer:20003780
RTT acID:SEGGER RTT
04:16:45:926: Debug: SWD Start:20007f00
04:16:46:301: Debug: RTT pBuffer:20003780
RTT acID:SEGGER RTT
04:16:58:526: Debug: SWD Start:20007f00
04:16:58:903: Debug: RTT pBuffer:20003780
RTT acID:SEGGER RTT
